<?xml version="1.0" encoding="UTF-8"?>
<!-- Generated by org.testng.reporters.JUnitXMLReporter -->
<testsuite ignored="0" hostname="QT-INBG-LT0221" failures="2" tests="30" name="Test" time="285.631" errors="0" timestamp="2022-06-16T18:19:45 IST">
  <testcase classname="Ameer.Mobiles_World.Contactus" name="ContactNavigation" time="3.315"/>
  <testcase classname="Ameer.Mobiles_World.SignUP" name="Regnavigation" time="2.11"/>
  <testcase classname="Ameer.Mobiles_World.All_mobiles" name="SearchboxNavigation" time="3.016"/>
  <testcase classname="Ameer.Mobiles_World.All_mobiles" name="SearchboxNavigation" time="2.828"/>
  <testcase classname="Ameer.Mobiles_World.All_mobiles" name="SearchboxNavigation" time="2.82"/>
  <testcase classname="Ameer.Mobiles_World.All_mobiles" name="SearchboxNavigation" time="2.799"/>
  <testcase classname="Ameer.Mobiles_World.All_mobiles" name="SearchboxNavigation" time="2.893"/>
  <testcase classname="Ameer.Mobiles_World.All_mobiles" name="SearchboxNavigation" time="2.919"/>
  <testcase classname="Ameer.Mobiles_World.All_mobiles" name="SpecficorderNavigation" time="5.303"/>
  <testcase classname="Ameer.Mobiles_World.SignIN" name="homePageNavigation" time="0.999"/>
  <testcase classname="Ameer.Mobiles_World.SignIN" name="homePageNavigation" time="1.089"/>
  <testcase classname="Ameer.Mobiles_World.SignIN" name="homePageNavigation" time="1.135"/>
  <testcase classname="Ameer.Mobiles_World.SignIN" name="homePageNavigation" time="1.037"/>
  <testcase classname="Ameer.Mobiles_World.SignIN" name="homePageNavigation" time="1.127"/>
  <testcase classname="Ameer.Mobiles_World.Orderpage" name="SamsungNavigation" time="0.38"/>
  <testcase classname="Ameer.Mobiles_World.Orderpage" name="LenovoNavigation" time="0.413"/>
  <testcase classname="Ameer.Mobiles_World.Orderpage" name="AppleNavigation" time="0.664"/>
  <testcase classname="Ameer.Mobiles_World.Orderpage" name="allmobileNavigation" time="0.906"/>
  <testcase classname="Ameer.Mobiles_World.Orderpage" name="orderNavigation" time="0.308">
    <failure type="java.lang.IndexOutOfBoundsException" message="Index 1 out of bounds for length 1">
      <![CDATA[java.lang.IndexOutOfBoundsException: Index 1 out of bounds for length 1
at java.base/jdk.internal.util.Preconditions.outOfBounds(Preconditions.java:64)
at java.base/jdk.internal.util.Preconditions.outOfBoundsCheckIndex(Preconditions.java:70)
at java.base/jdk.internal.util.Preconditions.checkIndex(Preconditions.java:266)
at java.base/java.util.Objects.checkIndex(Objects.java:359)
at java.base/java.util.ArrayList.get(ArrayList.java:427)
at Ameer.Mobiles_World.Orderpage.orderNavigation(Orderpage.java:92)
at java.base/java.util.ArrayList.forEach(ArrayList.java:1511)
... Removed 27 stack frames]]>
    </failure>
  </testcase> <!-- orderNavigation -->
  <testcase classname="Ameer.Mobiles_World.Orderpage" name="ContactusNavigation" time="0.467"/>
  <testcase classname="Ameer.Mobiles_World.Orderpage" name="HomeFooterNavigation" time="0.674"/>
  <testcase classname="Ameer.Mobiles_World.Orderpage" name="RightarrowNavigation" time="5.146"/>
  <testcase classname="Ameer.Mobiles_World.Homepage" name="SamsungNavigation" time="0.56"/>
  <testcase classname="Ameer.Mobiles_World.Homepage" name="LenovoNavigation" time="0.418"/>
  <testcase classname="Ameer.Mobiles_World.Homepage" name="AppleNavigation" time="0.634"/>
  <testcase classname="Ameer.Mobiles_World.Homepage" name="allmobileNavigation" time="0.8"/>
  <testcase classname="Ameer.Mobiles_World.Homepage" name="orderNavigation" time="0.295">
    <failure type="java.lang.IndexOutOfBoundsException" message="Index 1 out of bounds for length 1">
      <![CDATA[java.lang.IndexOutOfBoundsException: Index 1 out of bounds for length 1
at java.base/jdk.internal.util.Preconditions.outOfBounds(Preconditions.java:64)
at java.base/jdk.internal.util.Preconditions.outOfBoundsCheckIndex(Preconditions.java:70)
at java.base/jdk.internal.util.Preconditions.checkIndex(Preconditions.java:266)
at java.base/java.util.Objects.checkIndex(Objects.java:359)
at java.base/java.util.ArrayList.get(ArrayList.java:427)
at Ameer.Mobiles_World.Homepage.orderNavigation(Homepage.java:92)
at java.base/java.util.ArrayList.forEach(ArrayList.java:1511)
... Removed 27 stack frames]]>
    </failure>
  </testcase> <!-- orderNavigation -->
  <testcase classname="Ameer.Mobiles_World.Homepage" name="ContactusNavigation" time="0.51"/>
  <testcase classname="Ameer.Mobiles_World.Homepage" name="HomeFooterNavigation" time="0.821"/>
  <testcase classname="Ameer.Mobiles_World.Homepage" name="RightarrowNavigation" time="5.202"/>
</testsuite> <!-- Test -->
